<?xml version="1.0" encoding="UTF-8"?>
<!-- Generated by org.testng.reporters.JUnitReportReporter -->
<testsuite skipped="0" hostname="Windows-PC" name="demoGit.Demo" tests="1" failures="0" timestamp="10 Mar 2022 09:51:16 GMT" time="0.047" errors="0">
  <testcase name="demo" time="0.047" classname="demoGit.Demo"/>
</testsuite> <!-- demoGit.Demo -->
